<?xml version="1.0" encoding="UTF-8"?>
<testsuite xmlns:xsi="http://www.w3.org/2001/XMLSchema-instance" xsi:noNamespaceSchemaLocation="https://maven.apache.org/surefire/maven-surefire-plugin/xsd/surefire-test-report-3.0.xsd" version="3.0" name="pl.edu.agh.kis.pz1.CSVReaderTest" time="0" tests="4" errors="0" skipped="0" failures="0">
  <properties>
    <property name="java.specification.version" value="19"/>
    <property name="sonar.login" value="sqp_e57d02eabe9941408e86bf95cadb430ad4abc10c"/>
    <property name="sonar.host.url" value="http://localhost:9000"/>
    <property name="sun.jnu.encoding" value="UTF-8"/>
    <property name="java.class.path" value="/Users/karol/Documents/Uni/pz1/xml/main/target/test-classes:/Users/karol/Documents/Uni/pz1/xml/main/target/classes:/Users/karol/.m2/repository/org/apache/poi/poi/5.2.2/poi-5.2.2.jar:/Users/karol/.m2/repository/commons-codec/commons-codec/1.15/commons-codec-1.15.jar:/Users/karol/.m2/repository/org/apache/commons/commons-collections4/4.4/commons-collections4-4.4.jar:/Users/karol/.m2/repository/org/apache/commons/commons-math3/3.6.1/commons-math3-3.6.1.jar:/Users/karol/.m2/repository/commons-io/commons-io/2.11.0/commons-io-2.11.0.jar:/Users/karol/.m2/repository/com/zaxxer/SparseBitSet/1.2/SparseBitSet-1.2.jar:/Users/karol/.m2/repository/org/apache/logging/log4j/log4j-api/2.17.2/log4j-api-2.17.2.jar:/Users/karol/.m2/repository/org/apache/commons/commons-csv/1.9.0/commons-csv-1.9.0.jar:/Users/karol/.m2/repository/org/apache/poi/poi-ooxml/5.2.2/poi-ooxml-5.2.2.jar:/Users/karol/.m2/repository/org/apache/poi/poi-ooxml-lite/5.2.2/poi-ooxml-lite-5.2.2.jar:/Users/karol/.m2/repository/org/apache/xmlbeans/xmlbeans/5.0.3/xmlbeans-5.0.3.jar:/Users/karol/.m2/repository/org/apache/commons/commons-compress/1.21/commons-compress-1.21.jar:/Users/karol/.m2/repository/com/github/virtuald/curvesapi/1.07/curvesapi-1.07.jar:/Users/karol/.m2/repository/jakarta/xml/bind/jakarta.xml.bind-api/4.0.0/jakarta.xml.bind-api-4.0.0.jar:/Users/karol/.m2/repository/jakarta/activation/jakarta.activation-api/2.1.0/jakarta.activation-api-2.1.0.jar:/Users/karol/.m2/repository/javax/xml/bind/jaxb-api/2.3.1/jaxb-api-2.3.1.jar:/Users/karol/.m2/repository/javax/activation/javax.activation-api/1.2.0/javax.activation-api-1.2.0.jar:/Users/karol/.m2/repository/javax/activation/activation/1.1.1/activation-1.1.1.jar:/Users/karol/.m2/repository/org/glassfish/jaxb/jaxb-runtime/4.0.0/jaxb-runtime-4.0.0.jar:/Users/karol/.m2/repository/org/glassfish/jaxb/jaxb-core/4.0.0/jaxb-core-4.0.0.jar:/Users/karol/.m2/repository/org/eclipse/angus/angus-activation/1.0.0/angus-activation-1.0.0.jar:/Users/karol/.m2/repository/org/glassfish/jaxb/txw2/4.0.0/txw2-4.0.0.jar:/Users/karol/.m2/repository/com/sun/istack/istack-commons-runtime/4.1.1/istack-commons-runtime-4.1.1.jar:/Users/karol/.m2/repository/org/junit/jupiter/junit-jupiter/5.9.2/junit-jupiter-5.9.2.jar:/Users/karol/.m2/repository/org/junit/jupiter/junit-jupiter-api/5.9.2/junit-jupiter-api-5.9.2.jar:/Users/karol/.m2/repository/org/opentest4j/opentest4j/1.2.0/opentest4j-1.2.0.jar:/Users/karol/.m2/repository/org/junit/platform/junit-platform-commons/1.9.2/junit-platform-commons-1.9.2.jar:/Users/karol/.m2/repository/org/junit/jupiter/junit-jupiter-params/5.9.2/junit-jupiter-params-5.9.2.jar:/Users/karol/.m2/repository/org/junit/jupiter/junit-jupiter-engine/5.9.2/junit-jupiter-engine-5.9.2.jar:/Users/karol/.m2/repository/org/junit/platform/junit-platform-engine/1.9.2/junit-platform-engine-1.9.2.jar:/Users/karol/.m2/repository/org/sonarsource/scanner/maven/sonar-maven-plugin/3.9.1.2184/sonar-maven-plugin-3.9.1.2184.jar:/Users/karol/.m2/repository/org/sonatype/plexus/plexus-sec-dispatcher/1.4/plexus-sec-dispatcher-1.4.jar:/Users/karol/.m2/repository/org/sonatype/plexus/plexus-cipher/1.4/plexus-cipher-1.4.jar:/Users/karol/.m2/repository/org/codehaus/plexus/plexus-utils/3.2.1/plexus-utils-3.2.1.jar:/Users/karol/.m2/repository/org/sonarsource/scanner/api/sonar-scanner-api/2.16.2.588/sonar-scanner-api-2.16.2.588.jar:/Users/karol/.m2/repository/commons-lang/commons-lang/2.6/commons-lang-2.6.jar:/Users/karol/.m2/repository/org/jacoco/jacoco-maven-plugin/0.8.8/jacoco-maven-plugin-0.8.8.jar:/Users/karol/.m2/repository/org/apache/maven/shared/file-management/1.2.1/file-management-1.2.1.jar:/Users/karol/.m2/repository/org/apache/maven/maven-plugin-api/2.0.6/maven-plugin-api-2.0.6.jar:/Users/karol/.m2/repository/org/apache/maven/shared/maven-shared-io/1.1/maven-shared-io-1.1.jar:/Users/karol/.m2/repository/org/apache/maven/maven-artifact/2.0.2/maven-artifact-2.0.2.jar:/Users/karol/.m2/repository/org/apache/maven/maven-artifact-manager/2.0.2/maven-artifact-manager-2.0.2.jar:/Users/karol/.m2/repository/org/apache/maven/maven-repository-metadata/2.0.2/maven-repository-metadata-2.0.2.jar:/Users/karol/.m2/repository/org/apache/maven/wagon/wagon-provider-api/1.0-alpha-6/wagon-provider-api-1.0-alpha-6.jar:/Users/karol/.m2/repository/org/codehaus/plexus/plexus-container-default/1.0-alpha-9/plexus-container-default-1.0-alpha-9.jar:/Users/karol/.m2/repository/junit/junit/3.8.1/junit-3.8.1.jar:/Users/karol/.m2/repository/classworlds/classworlds/1.1-alpha-2/classworlds-1.1-alpha-2.jar:/Users/karol/.m2/repository/org/apache/maven/reporting/maven-reporting-api/3.0/maven-reporting-api-3.0.jar:/Users/karol/.m2/repository/org/apache/maven/doxia/doxia-sink-api/1.0/doxia-sink-api-1.0.jar:/Users/karol/.m2/repository/org/jacoco/org.jacoco.agent/0.8.8/org.jacoco.agent-0.8.8-runtime.jar:/Users/karol/.m2/repository/org/jacoco/org.jacoco.core/0.8.8/org.jacoco.core-0.8.8.jar:/Users/karol/.m2/repository/org/ow2/asm/asm/9.2/asm-9.2.jar:/Users/karol/.m2/repository/org/ow2/asm/asm-commons/9.2/asm-commons-9.2.jar:/Users/karol/.m2/repository/org/ow2/asm/asm-analysis/9.2/asm-analysis-9.2.jar:/Users/karol/.m2/repository/org/ow2/asm/asm-tree/9.2/asm-tree-9.2.jar:/Users/karol/.m2/repository/org/jacoco/org.jacoco.report/0.8.8/org.jacoco.report-0.8.8.jar:/Users/karol/.m2/repository/org/junit/platform/junit-platform-surefire-provider/1.3.2/junit-platform-surefire-provider-1.3.2.jar:/Users/karol/.m2/repository/org/apiguardian/apiguardian-api/1.0.0/apiguardian-api-1.0.0.jar:/Users/karol/.m2/repository/org/junit/platform/junit-platform-launcher/1.3.2/junit-platform-launcher-1.3.2.jar:/Users/karol/.m2/repository/org/apache/maven/surefire/surefire-api/2.22.0/surefire-api-2.22.0.jar:/Users/karol/.m2/repository/org/apache/maven/surefire/surefire-logger-api/2.22.0/surefire-logger-api-2.22.0.jar:/Users/karol/.m2/repository/org/apache/maven/surefire/common-java5/2.22.0/common-java5-2.22.0.jar:"/>
    <property name="java.vm.vendor" value="Homebrew"/>
    <property name="sun.arch.data.model" value="64"/>
    <property name="java.vendor.url" value="https://github.com/Homebrew/homebrew-core/issues"/>
    <property name="os.name" value="Mac OS X"/>
    <property name="java.vm.specification.version" value="19"/>
    <property name="sun.java.launcher" value="SUN_STANDARD"/>
    <property name="user.country" value="PL"/>
    <property name="sun.boot.library.path" value="/usr/local/Cellar/openjdk/19.0.1/libexec/openjdk.jdk/Contents/Home/lib"/>
    <property name="sun.java.command" value="/Users/karol/Documents/Uni/pz1/xml/main/target/surefire/surefirebooter16395184839331722134.jar /Users/karol/Documents/Uni/pz1/xml/main/target/surefire 2023-01-16T17-45-57_525-jvmRun1 surefire13341835758154964824tmp surefire_016253140576043894483tmp"/>
    <property name="http.nonProxyHosts" value="local|*.local|169.254/16|*.169.254/16"/>
    <property name="jdk.debug" value="release"/>
    <property name="surefire.test.class.path" value="/Users/karol/Documents/Uni/pz1/xml/main/target/test-classes:/Users/karol/Documents/Uni/pz1/xml/main/target/classes:/Users/karol/.m2/repository/org/apache/poi/poi/5.2.2/poi-5.2.2.jar:/Users/karol/.m2/repository/commons-codec/commons-codec/1.15/commons-codec-1.15.jar:/Users/karol/.m2/repository/org/apache/commons/commons-collections4/4.4/commons-collections4-4.4.jar:/Users/karol/.m2/repository/org/apache/commons/commons-math3/3.6.1/commons-math3-3.6.1.jar:/Users/karol/.m2/repository/commons-io/commons-io/2.11.0/commons-io-2.11.0.jar:/Users/karol/.m2/repository/com/zaxxer/SparseBitSet/1.2/SparseBitSet-1.2.jar:/Users/karol/.m2/repository/org/apache/logging/log4j/log4j-api/2.17.2/log4j-api-2.17.2.jar:/Users/karol/.m2/repository/org/apache/commons/commons-csv/1.9.0/commons-csv-1.9.0.jar:/Users/karol/.m2/repository/org/apache/poi/poi-ooxml/5.2.2/poi-ooxml-5.2.2.jar:/Users/karol/.m2/repository/org/apache/poi/poi-ooxml-lite/5.2.2/poi-ooxml-lite-5.2.2.jar:/Users/karol/.m2/repository/org/apache/xmlbeans/xmlbeans/5.0.3/xmlbeans-5.0.3.jar:/Users/karol/.m2/repository/org/apache/commons/commons-compress/1.21/commons-compress-1.21.jar:/Users/karol/.m2/repository/com/github/virtuald/curvesapi/1.07/curvesapi-1.07.jar:/Users/karol/.m2/repository/jakarta/xml/bind/jakarta.xml.bind-api/4.0.0/jakarta.xml.bind-api-4.0.0.jar:/Users/karol/.m2/repository/jakarta/activation/jakarta.activation-api/2.1.0/jakarta.activation-api-2.1.0.jar:/Users/karol/.m2/repository/javax/xml/bind/jaxb-api/2.3.1/jaxb-api-2.3.1.jar:/Users/karol/.m2/repository/javax/activation/javax.activation-api/1.2.0/javax.activation-api-1.2.0.jar:/Users/karol/.m2/repository/javax/activation/activation/1.1.1/activation-1.1.1.jar:/Users/karol/.m2/repository/org/glassfish/jaxb/jaxb-runtime/4.0.0/jaxb-runtime-4.0.0.jar:/Users/karol/.m2/repository/org/glassfish/jaxb/jaxb-core/4.0.0/jaxb-core-4.0.0.jar:/Users/karol/.m2/repository/org/eclipse/angus/angus-activation/1.0.0/angus-activation-1.0.0.jar:/Users/karol/.m2/repository/org/glassfish/jaxb/txw2/4.0.0/txw2-4.0.0.jar:/Users/karol/.m2/repository/com/sun/istack/istack-commons-runtime/4.1.1/istack-commons-runtime-4.1.1.jar:/Users/karol/.m2/repository/org/junit/jupiter/junit-jupiter/5.9.2/junit-jupiter-5.9.2.jar:/Users/karol/.m2/repository/org/junit/jupiter/junit-jupiter-api/5.9.2/junit-jupiter-api-5.9.2.jar:/Users/karol/.m2/repository/org/opentest4j/opentest4j/1.2.0/opentest4j-1.2.0.jar:/Users/karol/.m2/repository/org/junit/platform/junit-platform-commons/1.9.2/junit-platform-commons-1.9.2.jar:/Users/karol/.m2/repository/org/junit/jupiter/junit-jupiter-params/5.9.2/junit-jupiter-params-5.9.2.jar:/Users/karol/.m2/repository/org/junit/jupiter/junit-jupiter-engine/5.9.2/junit-jupiter-engine-5.9.2.jar:/Users/karol/.m2/repository/org/junit/platform/junit-platform-engine/1.9.2/junit-platform-engine-1.9.2.jar:/Users/karol/.m2/repository/org/sonarsource/scanner/maven/sonar-maven-plugin/3.9.1.2184/sonar-maven-plugin-3.9.1.2184.jar:/Users/karol/.m2/repository/org/sonatype/plexus/plexus-sec-dispatcher/1.4/plexus-sec-dispatcher-1.4.jar:/Users/karol/.m2/repository/org/sonatype/plexus/plexus-cipher/1.4/plexus-cipher-1.4.jar:/Users/karol/.m2/repository/org/codehaus/plexus/plexus-utils/3.2.1/plexus-utils-3.2.1.jar:/Users/karol/.m2/repository/org/sonarsource/scanner/api/sonar-scanner-api/2.16.2.588/sonar-scanner-api-2.16.2.588.jar:/Users/karol/.m2/repository/commons-lang/commons-lang/2.6/commons-lang-2.6.jar:/Users/karol/.m2/repository/org/jacoco/jacoco-maven-plugin/0.8.8/jacoco-maven-plugin-0.8.8.jar:/Users/karol/.m2/repository/org/apache/maven/shared/file-management/1.2.1/file-management-1.2.1.jar:/Users/karol/.m2/repository/org/apache/maven/maven-plugin-api/2.0.6/maven-plugin-api-2.0.6.jar:/Users/karol/.m2/repository/org/apache/maven/shared/maven-shared-io/1.1/maven-shared-io-1.1.jar:/Users/karol/.m2/repository/org/apache/maven/maven-artifact/2.0.2/maven-artifact-2.0.2.jar:/Users/karol/.m2/repository/org/apache/maven/maven-artifact-manager/2.0.2/maven-artifact-manager-2.0.2.jar:/Users/karol/.m2/repository/org/apache/maven/maven-repository-metadata/2.0.2/maven-repository-metadata-2.0.2.jar:/Users/karol/.m2/repository/org/apache/maven/wagon/wagon-provider-api/1.0-alpha-6/wagon-provider-api-1.0-alpha-6.jar:/Users/karol/.m2/repository/org/codehaus/plexus/plexus-container-default/1.0-alpha-9/plexus-container-default-1.0-alpha-9.jar:/Users/karol/.m2/repository/junit/junit/3.8.1/junit-3.8.1.jar:/Users/karol/.m2/repository/classworlds/classworlds/1.1-alpha-2/classworlds-1.1-alpha-2.jar:/Users/karol/.m2/repository/org/apache/maven/reporting/maven-reporting-api/3.0/maven-reporting-api-3.0.jar:/Users/karol/.m2/repository/org/apache/maven/doxia/doxia-sink-api/1.0/doxia-sink-api-1.0.jar:/Users/karol/.m2/repository/org/jacoco/org.jacoco.agent/0.8.8/org.jacoco.agent-0.8.8-runtime.jar:/Users/karol/.m2/repository/org/jacoco/org.jacoco.core/0.8.8/org.jacoco.core-0.8.8.jar:/Users/karol/.m2/repository/org/ow2/asm/asm/9.2/asm-9.2.jar:/Users/karol/.m2/repository/org/ow2/asm/asm-commons/9.2/asm-commons-9.2.jar:/Users/karol/.m2/repository/org/ow2/asm/asm-analysis/9.2/asm-analysis-9.2.jar:/Users/karol/.m2/repository/org/ow2/asm/asm-tree/9.2/asm-tree-9.2.jar:/Users/karol/.m2/repository/org/jacoco/org.jacoco.report/0.8.8/org.jacoco.report-0.8.8.jar:/Users/karol/.m2/repository/org/junit/platform/junit-platform-surefire-provider/1.3.2/junit-platform-surefire-provider-1.3.2.jar:/Users/karol/.m2/repository/org/apiguardian/apiguardian-api/1.0.0/apiguardian-api-1.0.0.jar:/Users/karol/.m2/repository/org/junit/platform/junit-platform-launcher/1.3.2/junit-platform-launcher-1.3.2.jar:/Users/karol/.m2/repository/org/apache/maven/surefire/surefire-api/2.22.0/surefire-api-2.22.0.jar:/Users/karol/.m2/repository/org/apache/maven/surefire/surefire-logger-api/2.22.0/surefire-logger-api-2.22.0.jar:/Users/karol/.m2/repository/org/apache/maven/surefire/common-java5/2.22.0/common-java5-2.22.0.jar:"/>
    <property name="sun.cpu.endian" value="little"/>
    <property name="user.home" value="/Users/karol"/>
    <property name="user.language" value="pl"/>
    <property name="java.specification.vendor" value="Oracle Corporation"/>
    <property name="java.version.date" value="2022-10-18"/>
    <property name="java.home" value="/usr/local/Cellar/openjdk/19.0.1/libexec/openjdk.jdk/Contents/Home"/>
    <property name="file.separator" value="/"/>
    <property name="basedir" value="/Users/karol/Documents/Uni/pz1/xml/main"/>
    <property name="java.vm.compressedOopsMode" value="Zero based"/>
    <property name="line.separator" value="&#10;"/>
    <property name="java.vm.specification.vendor" value="Oracle Corporation"/>
    <property name="java.specification.name" value="Java Platform API Specification"/>
    <property name="apple.awt.application.name" value="ForkedBooter"/>
    <property name="surefire.real.class.path" value="/Users/karol/Documents/Uni/pz1/xml/main/target/surefire/surefirebooter16395184839331722134.jar"/>
    <property name="sun.management.compiler" value="HotSpot 64-Bit Tiered Compilers"/>
    <property name="ftp.nonProxyHosts" value="local|*.local|169.254/16|*.169.254/16"/>
    <property name="java.runtime.version" value="19.0.1"/>
    <property name="user.name" value="karol"/>
    <property name="stdout.encoding" value="UTF-8"/>
    <property name="path.separator" value=":"/>
    <property name="os.version" value="13.1"/>
    <property name="java.runtime.name" value="OpenJDK Runtime Environment"/>
    <property name="file.encoding" value="UTF-8"/>
    <property name="java.vm.name" value="OpenJDK 64-Bit Server VM"/>
    <property name="java.vendor.version" value="Homebrew"/>
    <property name="localRepository" value="/Users/karol/.m2/repository"/>
    <property name="java.vendor.url.bug" value="https://github.com/Homebrew/homebrew-core/issues"/>
    <property name="java.io.tmpdir" value="/var/folders/t3/7vhf0gp14pg3jrl381tf9q5r0000gn/T/"/>
    <property name="java.version" value="19.0.1"/>
    <property name="user.dir" value="/Users/karol/Documents/Uni/pz1/xml/main"/>
    <property name="os.arch" value="x86_64"/>
    <property name="java.vm.specification.name" value="Java Virtual Machine Specification"/>
    <property name="native.encoding" value="UTF-8"/>
    <property name="sonar.projectKey" value="xml"/>
    <property name="java.library.path" value="/Users/karol/Library/Java/Extensions:/Library/Java/Extensions:/Network/Library/Java/Extensions:/System/Library/Java/Extensions:/usr/lib/java:."/>
    <property name="java.vm.info" value="mixed mode, sharing"/>
    <property name="stderr.encoding" value="UTF-8"/>
    <property name="java.vendor" value="Homebrew"/>
    <property name="java.vm.version" value="19.0.1"/>
    <property name="sun.io.unicode.encoding" value="UnicodeBig"/>
    <property name="socksNonProxyHosts" value="local|*.local|169.254/16|*.169.254/16"/>
    <property name="java.class.version" value="63.0"/>
  </properties>
  <testcase name="parsePrice" classname="pl.edu.agh.kis.pz1.CSVReaderTest" time="0"/>
  <testcase name="parseNumber" classname="pl.edu.agh.kis.pz1.CSVReaderTest" time="0"/>
  <testcase name="changeCommaToDot" classname="pl.edu.agh.kis.pz1.CSVReaderTest" time="0"/>
  <testcase name="formatPrice" classname="pl.edu.agh.kis.pz1.CSVReaderTest" time="0"/>
</testsuite>